# JRE version: Java(TM) SE Runtime Environment (8.0_191-b12) (build 1.8.0_191-b12)
# Java VM: Java HotSpot(TM) Client VM (25.191-b12 mixed mode windows-x86 )
Heap:
 def new generation   total 157248K, used 26550K [0x04600000, 0x0f0a0000, 0x0f0a0000)
  eden space 139776K,  18% used [0x04600000, 0x05fed860, 0x0ce80000)
  from space 17472K,   0% used [0x0ce80000, 0x0ce80000, 0x0df90000)
  to   space 17472K,   0% used [0x0df90000, 0x0df90000, 0x0f0a0000)
 tenured generation   total 349568K, used 251408K [0x0f0a0000, 0x24600000, 0x24600000)
   the space 349568K,  71% used [0x0f0a0000, 0x1e6240f0, 0x1e624200, 0x24600000)
 Metaspace       used 26567K, capacity 27179K, committed 27264K, reserved 28032K
GC Heap History (10 events):
Event: 6978.312 GC heap before
{Heap before GC invocations=91 (full 6):
 def new generation   total 80384K, used 79777K [0x04600000, 0x09d30000, 0x0f0a0000)
  eden space 71488K, 100% used [0x04600000, 0x08bd0000, 0x08bd0000)
  from space 8896K,  93% used [0x08bd0000, 0x093e87a8, 0x09480000)
  to   space 8896K,   0% used [0x09480000, 0x09480000, 0x09d30000)
 tenured generation   total 178464K, used 115381K [0x0f0a0000, 0x19ee8000, 0x24600000)
   the space 178464K,  64% used [0x0f0a0000, 0x1614d510, 0x1614d600, 0x19ee8000)
 Metaspace       used 26629K, capacity 27264K, committed 27264K, reserved 28032K
Event: 6978.340 GC heap after
Heap after GC invocations=92 (full 6):
 def new generation   total 80384K, used 6539K [0x04600000, 0x09d30000, 0x0f0a0000)
  eden space 71488K,   0% used [0x04600000, 0x04600000, 0x08bd0000)
  from space 8896K,  73% used [0x09480000, 0x09ae2f30, 0x09d30000)
  to   space 8896K,   0% used [0x08bd0000, 0x08bd0000, 0x09480000)
 tenured generation   total 178464K, used 134935K [0x0f0a0000, 0x19ee8000, 0x24600000)
   the space 178464K,  75% used [0x0f0a0000, 0x17465d90, 0x17465e00, 0x19ee8000)
 Metaspace       used 26629K, capacity 27264K, committed 27264K, reserved 28032K
}
Event: 6979.108 GC heap before
{Heap before GC invocations=92 (full 6):
 def new generation   total 80384K, used 78027K [0x04600000, 0x09d30000, 0x0f0a0000)
  eden space 71488K, 100% used [0x04600000, 0x08bd0000, 0x08bd0000)
  from space 8896K,  73% used [0x09480000, 0x09ae2f30, 0x09d30000)
  to   space 8896K,   0% used [0x08bd0000, 0x08bd0000, 0x09480000)
 tenured generation   total 178464K, used 134935K [0x0f0a0000, 0x19ee8000, 0x24600000)
   the space 178464K,  75% used [0x0f0a0000, 0x17465d90, 0x17465e00, 0x19ee8000)
 Metaspace       used 26629K, capacity 27264K, committed 27264K, reserved 28032K
Event: 6979.131 GC heap after
Heap after GC invocations=93 (full 6):
 def new generation   total 80384K, used 6245K [0x04600000, 0x09d30000, 0x0f0a0000)
  eden space 71488K,   0% used [0x04600000, 0x04600000, 0x08bd0000)
  from space 8896K,  70% used [0x08bd0000, 0x091e9700, 0x09480000)
  to   space 8896K,   0% used [0x09480000, 0x09480000, 0x09d30000)
 tenured generation   total 178464K, used 156366K [0x0f0a0000, 0x19ee8000, 0x24600000)
   the space 178464K,  87% used [0x0f0a0000, 0x189539f8, 0x18953a00, 0x19ee8000)
 Metaspace       used 26629K, capacity 27264K, committed 27264K, reserved 28032K
}
Event: 6980.204 GC heap before
{Heap before GC invocations=93 (full 6):
 def new generation   total 80384K, used 77625K [0x04600000, 0x09d30000, 0x0f0a0000)
  eden space 71488K,  99% used [0x04600000, 0x08bb5038, 0x08bd0000)
  from space 8896K,  70% used [0x08bd0000, 0x091e9700, 0x09480000)
  to   space 8896K,   0% used [0x09480000, 0x09480000, 0x09d30000)
 tenured generation   total 178464K, used 156366K [0x0f0a0000, 0x19ee8000, 0x24600000)
   the space 178464K,  87% used [0x0f0a0000, 0x189539f8, 0x18953a00, 0x19ee8000)
 Metaspace       used 26629K, capacity 27264K, committed 27264K, reserved 28032K
Event: 6980.466 GC heap after
Heap after GC invocations=94 (full 7):
 def new generation   total 99200K, used 0K [0x04600000, 0x0b1a0000, 0x0f0a0000)
  eden space 88192K,   0% used [0x04600000, 0x04600000, 0x09c20000)
  from space 11008K,   0% used [0x09c20000, 0x09c20000, 0x0a6e0000)
  to   space 11008K,   0% used [0x0a6e0000, 0x0a6e0000, 0x0b1a0000)
 tenured generation   total 220352K, used 132209K [0x0f0a0000, 0x1c7d0000, 0x24600000)
   the space 220352K,  59% used [0x0f0a0000, 0x171bc590, 0x171bc600, 0x1c7d0000)
 Metaspace       used 26567K, capacity 27179K, committed 27264K, reserved 28032K
}
Event: 6980.729 GC heap before
{Heap before GC invocations=94 (full 7):
 def new generation   total 99200K, used 88192K [0x04600000, 0x0b1a0000, 0x0f0a0000)
  eden space 88192K, 100% used [0x04600000, 0x09c20000, 0x09c20000)
  from space 11008K,   0% used [0x09c20000, 0x09c20000, 0x0a6e0000)
  to   space 11008K,   0% used [0x0a6e0000, 0x0a6e0000, 0x0b1a0000)
 tenured generation   total 220352K, used 132209K [0x0f0a0000, 0x1c7d0000, 0x24600000)
   the space 220352K,  59% used [0x0f0a0000, 0x171bc590, 0x171bc600, 0x1c7d0000)
 Metaspace       used 26567K, capacity 27179K, committed 27264K, reserved 28032K
Event: 6980.846 GC heap after
Heap after GC invocations=95 (full 7):
 def new generation   total 99200K, used 11007K [0x04600000, 0x0b1a0000, 0x0f0a0000)
  eden space 88192K,   0% used [0x04600000, 0x04600000, 0x09c20000)
  from space 11008K,  99% used [0x0a6e0000, 0x0b19fff8, 0x0b1a0000)
  to   space 11008K,   0% used [0x09c20000, 0x09c20000, 0x0a6e0000)
 tenured generation   total 220352K, used 191334K [0x0f0a0000, 0x1c7d0000, 0x24600000)
   the space 220352K,  86% used [0x0f0a0000, 0x1ab79b18, 0x1ab79c00, 0x1c7d0000)
 Metaspace       used 26567K, capacity 27179K, committed 27264K, reserved 28032K
}
Event: 6980.988 GC heap before
{Heap before GC invocations=95 (full 7):
 def new generation   total 99200K, used 99199K [0x04600000, 0x0b1a0000, 0x0f0a0000)
  eden space 88192K, 100% used [0x04600000, 0x09c20000, 0x09c20000)
  from space 11008K,  99% used [0x0a6e0000, 0x0b19fff8, 0x0b1a0000)
  to   space 11008K,   0% used [0x09c20000, 0x09c20000, 0x0a6e0000)
 tenured generation   total 220352K, used 191334K [0x0f0a0000, 0x1c7d0000, 0x24600000)
   the space 220352K,  86% used [0x0f0a0000, 0x1ab79b18, 0x1ab79c00, 0x1c7d0000)
 Metaspace       used 26567K, capacity 27179K, committed 27264K, reserved 28032K
Event: 6981.766 GC heap after
Heap after GC invocations=96 (full 8):
 def new generation   total 157248K, used 0K [0x04600000, 0x0f0a0000, 0x0f0a0000)
  eden space 139776K,   0% used [0x04600000, 0x04600000, 0x0ce80000)
  from space 17472K,   0% used [0x0ce80000, 0x0ce80000, 0x0df90000)
  to   space 17472K,   0% used [0x0df90000, 0x0df90000, 0x0f0a0000)
 tenured generation   total 349568K, used 251408K [0x0f0a0000, 0x24600000, 0x24600000)
   the space 349568K,  71% used [0x0f0a0000, 0x1e6240f0, 0x1e624200, 0x24600000)
 Metaspace       used 26567K, capacity 27179K, committed 27264K, reserved 28032K
}

